<?xml version="1.0" encoding="UTF-8"?>
<testsuite xmlns:xsi="http://www.w3.org/2001/XMLSchema-instance" xsi:noNamespaceSchemaLocation="https://maven.apache.org/surefire/maven-surefire-plugin/xsd/surefire-test-report.xsd" name="com.pionono.app.AppTest" time="0.071" tests="1" errors="0" skipped="0" failures="0">
  <properties>
    <property name="sun.desktop" value="gnome"/>
    <property name="awt.toolkit" value="sun.awt.X11.XToolkit"/>
    <property name="java.specification.version" value="11"/>
    <property name="sun.cpu.isalist" value=""/>
    <property name="sun.jnu.encoding" value="UTF-8"/>
    <property name="java.class.path" value="/home/piononodiverso/AyD/pregunVet/target/test-classes:/home/piononodiverso/AyD/pregunVet/target/classes:/home/piononodiverso/.m2/repository/junit/junit/4.11/junit-4.11.jar:/home/piononodiverso/.m2/repository/org/hamcrest/hamcrest-core/1.3/hamcrest-core-1.3.jar:/home/piononodiverso/.m2/repository/com/sparkjava/spark-core/2.9.0/spark-core-2.9.0.jar:/home/piononodiverso/.m2/repository/org/slf4j/slf4j-api/1.7.25/slf4j-api-1.7.25.jar:/home/piononodiverso/.m2/repository/org/eclipse/jetty/jetty-server/9.4.15.v20190215/jetty-server-9.4.15.v20190215.jar:/home/piononodiverso/.m2/repository/javax/servlet/javax.servlet-api/3.1.0/javax.servlet-api-3.1.0.jar:/home/piononodiverso/.m2/repository/org/eclipse/jetty/jetty-http/9.4.15.v20190215/jetty-http-9.4.15.v20190215.jar:/home/piononodiverso/.m2/repository/org/eclipse/jetty/jetty-util/9.4.15.v20190215/jetty-util-9.4.15.v20190215.jar:/home/piononodiverso/.m2/repository/org/eclipse/jetty/jetty-io/9.4.15.v20190215/jetty-io-9.4.15.v20190215.jar:/home/piononodiverso/.m2/repository/org/eclipse/jetty/jetty-webapp/9.4.15.v20190215/jetty-webapp-9.4.15.v20190215.jar:/home/piononodiverso/.m2/repository/org/eclipse/jetty/jetty-xml/9.4.15.v20190215/jetty-xml-9.4.15.v20190215.jar:/home/piononodiverso/.m2/repository/org/eclipse/jetty/jetty-servlet/9.4.15.v20190215/jetty-servlet-9.4.15.v20190215.jar:/home/piononodiverso/.m2/repository/org/eclipse/jetty/jetty-security/9.4.15.v20190215/jetty-security-9.4.15.v20190215.jar:/home/piononodiverso/.m2/repository/org/eclipse/jetty/websocket/websocket-server/9.4.15.v20190215/websocket-server-9.4.15.v20190215.jar:/home/piononodiverso/.m2/repository/org/eclipse/jetty/websocket/websocket-common/9.4.15.v20190215/websocket-common-9.4.15.v20190215.jar:/home/piononodiverso/.m2/repository/org/eclipse/jetty/websocket/websocket-client/9.4.15.v20190215/websocket-client-9.4.15.v20190215.jar:/home/piononodiverso/.m2/repository/org/eclipse/jetty/jetty-client/9.4.15.v20190215/jetty-client-9.4.15.v20190215.jar:/home/piononodiverso/.m2/repository/org/eclipse/jetty/websocket/websocket-servlet/9.4.15.v20190215/websocket-servlet-9.4.15.v20190215.jar:/home/piononodiverso/.m2/repository/org/eclipse/jetty/websocket/websocket-api/9.4.15.v20190215/websocket-api-9.4.15.v20190215.jar:"/>
    <property name="java.vm.vendor" value="Oracle Corporation"/>
    <property name="sun.arch.data.model" value="64"/>
    <property name="java.vendor.url" value="http://java.oracle.com/"/>
    <property name="user.timezone" value=""/>
    <property name="java.vm.specification.version" value="11"/>
    <property name="os.name" value="Linux"/>
    <property name="sun.java.launcher" value="SUN_STANDARD"/>
    <property name="user.country" value="US"/>
    <property name="sun.boot.library.path" value="/usr/lib/jvm/java-11-openjdk-amd64/lib"/>
    <property name="sun.java.command" value="/home/piononodiverso/AyD/pregunVet/target/surefire/surefirebooter8021768211978784793.jar /home/piononodiverso/AyD/pregunVet/target/surefire 2019-04-12T11-34-11_616-jvmRun1 surefire4889645517940496917tmp surefire_04590067188490828053tmp"/>
    <property name="jdk.debug" value="release"/>
    <property name="surefire.test.class.path" value="/home/piononodiverso/AyD/pregunVet/target/test-classes:/home/piononodiverso/AyD/pregunVet/target/classes:/home/piononodiverso/.m2/repository/junit/junit/4.11/junit-4.11.jar:/home/piononodiverso/.m2/repository/org/hamcrest/hamcrest-core/1.3/hamcrest-core-1.3.jar:/home/piononodiverso/.m2/repository/com/sparkjava/spark-core/2.9.0/spark-core-2.9.0.jar:/home/piononodiverso/.m2/repository/org/slf4j/slf4j-api/1.7.25/slf4j-api-1.7.25.jar:/home/piononodiverso/.m2/repository/org/eclipse/jetty/jetty-server/9.4.15.v20190215/jetty-server-9.4.15.v20190215.jar:/home/piononodiverso/.m2/repository/javax/servlet/javax.servlet-api/3.1.0/javax.servlet-api-3.1.0.jar:/home/piononodiverso/.m2/repository/org/eclipse/jetty/jetty-http/9.4.15.v20190215/jetty-http-9.4.15.v20190215.jar:/home/piononodiverso/.m2/repository/org/eclipse/jetty/jetty-util/9.4.15.v20190215/jetty-util-9.4.15.v20190215.jar:/home/piononodiverso/.m2/repository/org/eclipse/jetty/jetty-io/9.4.15.v20190215/jetty-io-9.4.15.v20190215.jar:/home/piononodiverso/.m2/repository/org/eclipse/jetty/jetty-webapp/9.4.15.v20190215/jetty-webapp-9.4.15.v20190215.jar:/home/piononodiverso/.m2/repository/org/eclipse/jetty/jetty-xml/9.4.15.v20190215/jetty-xml-9.4.15.v20190215.jar:/home/piononodiverso/.m2/repository/org/eclipse/jetty/jetty-servlet/9.4.15.v20190215/jetty-servlet-9.4.15.v20190215.jar:/home/piononodiverso/.m2/repository/org/eclipse/jetty/jetty-security/9.4.15.v20190215/jetty-security-9.4.15.v20190215.jar:/home/piononodiverso/.m2/repository/org/eclipse/jetty/websocket/websocket-server/9.4.15.v20190215/websocket-server-9.4.15.v20190215.jar:/home/piononodiverso/.m2/repository/org/eclipse/jetty/websocket/websocket-common/9.4.15.v20190215/websocket-common-9.4.15.v20190215.jar:/home/piononodiverso/.m2/repository/org/eclipse/jetty/websocket/websocket-client/9.4.15.v20190215/websocket-client-9.4.15.v20190215.jar:/home/piononodiverso/.m2/repository/org/eclipse/jetty/jetty-client/9.4.15.v20190215/jetty-client-9.4.15.v20190215.jar:/home/piononodiverso/.m2/repository/org/eclipse/jetty/websocket/websocket-servlet/9.4.15.v20190215/websocket-servlet-9.4.15.v20190215.jar:/home/piononodiverso/.m2/repository/org/eclipse/jetty/websocket/websocket-api/9.4.15.v20190215/websocket-api-9.4.15.v20190215.jar:"/>
    <property name="sun.cpu.endian" value="little"/>
    <property name="user.home" value="/home/piononodiverso"/>
    <property name="user.language" value="en"/>
    <property name="java.specification.vendor" value="Oracle Corporation"/>
    <property name="java.version.date" value="2018-10-16"/>
    <property name="java.home" value="/usr/lib/jvm/java-11-openjdk-amd64"/>
    <property name="file.separator" value="/"/>
    <property name="basedir" value="/home/piononodiverso/AyD/pregunVet"/>
    <property name="java.vm.compressedOopsMode" value="32-bit"/>
    <property name="line.separator" value="&#10;"/>
    <property name="java.specification.name" value="Java Platform API Specification"/>
    <property name="java.vm.specification.vendor" value="Oracle Corporation"/>
    <property name="java.awt.graphicsenv" value="sun.awt.X11GraphicsEnvironment"/>
    <property name="surefire.real.class.path" value="/home/piononodiverso/AyD/pregunVet/target/surefire/surefirebooter8021768211978784793.jar"/>
    <property name="sun.management.compiler" value="HotSpot 64-Bit Tiered Compilers"/>
    <property name="java.runtime.version" value="11.0.1+13-Ubuntu-3ubuntu3.18.10.1"/>
    <property name="user.name" value="piononodiverso"/>
    <property name="path.separator" value=":"/>
    <property name="os.version" value="4.18.0-16-generic"/>
    <property name="java.runtime.name" value="OpenJDK Runtime Environment"/>
    <property name="file.encoding" value="UTF-8"/>
    <property name="java.vm.name" value="OpenJDK 64-Bit Server VM"/>
    <property name="localRepository" value="/home/piononodiverso/.m2/repository"/>
    <property name="java.vendor.url.bug" value="http://bugreport.java.com/bugreport/"/>
    <property name="java.io.tmpdir" value="/tmp"/>
    <property name="java.version" value="11.0.1"/>
    <property name="user.dir" value="/home/piononodiverso/AyD/pregunVet"/>
    <property name="os.arch" value="amd64"/>
    <property name="java.vm.specification.name" value="Java Virtual Machine Specification"/>
    <property name="java.awt.printerjob" value="sun.print.PSPrinterJob"/>
    <property name="sun.os.patch.level" value="unknown"/>
    <property name="java.library.path" value="/usr/java/packages/lib:/usr/lib/x86_64-linux-gnu/jni:/lib/x86_64-linux-gnu:/usr/lib/x86_64-linux-gnu:/usr/lib/jni:/lib:/usr/lib"/>
    <property name="java.vendor" value="Oracle Corporation"/>
    <property name="java.vm.info" value="mixed mode, sharing"/>
    <property name="java.vm.version" value="11.0.1+13-Ubuntu-3ubuntu3.18.10.1"/>
    <property name="sun.io.unicode.encoding" value="UnicodeLittle"/>
    <property name="java.class.version" value="55.0"/>
  </properties>
  <testcase name="shouldAnswerWithTrue" classname="com.pionono.app.AppTest" time="0.003"/>
</testsuite>